<?xml version="1.0" encoding="UTF-8"?>
<testng-results skipped="0" failed="1" ignored="0" total="1"
	passed="0">
	<reporter-output>
		<line>
      <![CDATA[<br>App launched</br><br><a href='C:\Users\DELL\git\AmazonAppAutomation\application\reports\images\295587423.jpg'> <img src='C:\Users\DELL\git\AmazonAppAutomation\application\reports\images\295587423.jpg' height='300' width='200'/> </a><br>]]>
		</line>
		<line>
      <![CDATA[<br>java.lang.AssertionError: Element not displayed
null expected [true] but found [false]</br><br><a href='C:\Users\DELL\git\AmazonAppAutomation\application\reports\images\505576322.jpg'> <img src='C:\Users\DELL\git\AmazonAppAutomation\application\reports\images\505576322.jpg' height='300' width='200'/> </a><br>]]>
		</line>
	</reporter-output>
	<suite name="Default suite" duration-ms="565" started-at="2020-05-08T07:18:32Z"
		finished-at="2020-05-08T07:18:33Z">
		<groups>
		</groups>
		<test name="Default test" duration-ms="565" started-at="2020-05-08T07:18:32Z"
			finished-at="2020-05-08T07:18:33Z">
			<class name="amazon.application.test.AmazonAppTest">
				<test-method status="PASS"
					signature="beforeSuite()[pri:0, instance:amazon.application.test.AmazonAppTest@1efee8e7]"
					name="beforeSuite" is-config="true" duration-ms="3146"
					started-at="2020-05-08T07:18:29Z" finished-at="2020-05-08T07:18:32Z">
					<reporter-output>
					</reporter-output>
				</test-method> <!-- beforeSuite -->
				<test-method status="PASS"
					signature="setData(java.lang.String, java.lang.String, java.lang.String, java.lang.String, java.lang.String, java.lang.String, java.lang.String, java.lang.String)[pri:0, instance:amazon.application.test.AmazonAppTest@1efee8e7]"
					name="setData" is-config="true" duration-ms="51" started-at="2020-05-08T07:18:32Z"
					finished-at="2020-05-08T07:18:32Z">
					<params>
						<param index="0">
							<value>
                <![CDATA[param-val-not-found]]>
							</value>
						</param>
						<param index="1">
							<value>
                <![CDATA[param-val-not-found]]>
							</value>
						</param>
						<param index="2">
							<value>
                <![CDATA[param-val-not-found]]>
							</value>
						</param>
						<param index="3">
							<value>
                <![CDATA[param-val-not-found]]>
							</value>
						</param>
						<param index="4">
							<value>
                <![CDATA[param-val-not-found]]>
							</value>
						</param>
						<param index="5">
							<value>
                <![CDATA[param-val-not-found]]>
							</value>
						</param>
						<param index="6">
							<value>
                <![CDATA[param-val-not-found]]>
							</value>
						</param>
						<param index="7">
							<value>
                <![CDATA[param-val-not-found]]>
							</value>
						</param>
					</params>
					<reporter-output>
					</reporter-output>
				</test-method> <!-- setData -->
				<test-method status="PASS"
					signature="beforeMethod()[pri:0, instance:amazon.application.test.AmazonAppTest@1efee8e7]"
					name="beforeMethod" is-config="true" duration-ms="73"
					started-at="2020-05-08T07:18:32Z" finished-at="2020-05-08T07:18:32Z">
					<reporter-output>
					</reporter-output>
				</test-method> <!-- beforeMethod -->
				<test-method status="FAIL"
					signature="Amazon_Login_And_Place_Order_TC001()[pri:1, instance:amazon.application.test.AmazonAppTest@1efee8e7]"
					name="Amazon_Login_And_Place_Order_TC001" duration-ms="348"
					started-at="2020-05-08T07:18:32Z" finished-at="2020-05-08T07:18:33Z">
					<exception class="java.lang.AssertionError">
						<message>
              <![CDATA[Element not displayed
null expected [true] but found [false]]]>
						</message>
						<full-stacktrace>
              <![CDATA[java.lang.AssertionError: Element not displayed
null expected [true] but found [false]
at org.testng.Assert.fail(Assert.java:96)
at org.testng.Assert.failNotEquals(Assert.java:776)
at org.testng.Assert.assertTrue(Assert.java:44)
at amazon.application.base.BaseAction.verifyElementIsDisplayed(BaseAction.java:187)
at amazon.application.actions.LoginPageAction.signIn(LoginPageAction.java:50)
at amazon.application.test.AmazonAppTest.Amazon_Login_And_Place_Order_TC001(AmazonAppTest.java:47)
at sun.reflect.NativeMethodAccessorImpl.invoke0(Native Method)
at sun.reflect.NativeMethodAccessorImpl.invoke(Unknown Source)
at sun.reflect.DelegatingMethodAccessorImpl.invoke(Unknown Source)
at java.lang.reflect.Method.invoke(Unknown Source)
at org.testng.internal.MethodInvocationHelper.invokeMethod(MethodInvocationHelper.java:124)
at org.testng.internal.Invoker.invokeMethod(Invoker.java:580)
at org.testng.internal.Invoker.invokeTestMethod(Invoker.java:716)
at org.testng.internal.Invoker.invokeTestMethods(Invoker.java:988)
at org.testng.internal.TestMethodWorker.invokeTestMethods(TestMethodWorker.java:125)
at org.testng.internal.TestMethodWorker.run(TestMethodWorker.java:109)
at org.testng.TestRunner.privateRun(TestRunner.java:648)
at org.testng.TestRunner.run(TestRunner.java:505)
at org.testng.SuiteRunner.runTest(SuiteRunner.java:455)
at org.testng.SuiteRunner.runSequentially(SuiteRunner.java:450)
at org.testng.SuiteRunner.privateRun(SuiteRunner.java:415)
at org.testng.SuiteRunner.run(SuiteRunner.java:364)
at org.testng.SuiteRunnerWorker.runSuite(SuiteRunnerWorker.java:52)
at org.testng.SuiteRunnerWorker.run(SuiteRunnerWorker.java:84)
at org.testng.TestNG.runSuitesSequentially(TestNG.java:1208)
at org.testng.TestNG.runSuitesLocally(TestNG.java:1137)
at org.testng.TestNG.runSuites(TestNG.java:1049)
at org.testng.TestNG.run(TestNG.java:1017)
at org.testng.remote.AbstractRemoteTestNG.run(AbstractRemoteTestNG.java:114)
at org.testng.remote.RemoteTestNG.initAndRun(RemoteTestNG.java:251)
at org.testng.remote.RemoteTestNG.main(RemoteTestNG.java:77)
]]>
						</full-stacktrace>
					</exception> <!-- java.lang.AssertionError -->
					<reporter-output>
						<line>
              <![CDATA[<br>App launched</br><br><a href='C:\Users\DELL\git\AmazonAppAutomation\application\reports\images\295587423.jpg'> <img src='C:\Users\DELL\git\AmazonAppAutomation\application\reports\images\295587423.jpg' height='300' width='200'/> </a><br>]]>
						</line>
					</reporter-output>
				</test-method> <!-- Amazon_Login_And_Place_Order_TC001 -->
				<test-method status="PASS"
					signature="afterMethod(org.testng.ITestResult)[pri:0, instance:amazon.application.test.AmazonAppTest@1efee8e7]"
					name="afterMethod" is-config="true" duration-ms="7"
					started-at="2020-05-08T07:18:33Z" finished-at="2020-05-08T07:18:33Z">
					<params>
						<param index="0">
							<value>
                <![CDATA[[TestResult name=Amazon_Login_And_Place_Order_TC001 status=FAILURE method=AmazonAppTest.Amazon_Login_And_Place_Order_TC001()[pri:1, instance:amazon.application.test.AmazonAppTest@1efee8e7] output=<br>App launched</br><br><a href='C:\Users\DELL\git\AmazonAppAutomation\application\reports\images\295587423.jpg'> <img src='C:\Users\DELL\git\AmazonAppAutomation\application\reports\images\295587423.jpg' height='300' width='200'/> </a><br>]]]>
							</value>
						</param>
					</params>
					<reporter-output>
						<line>
              <![CDATA[<br>java.lang.AssertionError: Element not displayed
null expected [true] but found [false]</br><br><a href='C:\Users\DELL\git\AmazonAppAutomation\application\reports\images\505576322.jpg'> <img src='C:\Users\DELL\git\AmazonAppAutomation\application\reports\images\505576322.jpg' height='300' width='200'/> </a><br>]]>
						</line>
					</reporter-output>
				</test-method> <!-- afterMethod -->
				<test-method status="PASS"
					signature="afterSuite()[pri:0, instance:amazon.application.test.AmazonAppTest@1efee8e7]"
					name="afterSuite" is-config="true" duration-ms="2427"
					started-at="2020-05-08T07:18:33Z" finished-at="2020-05-08T07:18:35Z">
					<reporter-output>
					</reporter-output>
				</test-method> <!-- afterSuite -->
			</class> <!-- amazon.application.test.AmazonAppTest -->
		</test> <!-- Default test -->
	</suite> <!-- Default suite -->
</testng-results>
